<?xml version="1.0" encoding="UTF-8"?>
<!-- Generated by org.testng.reporters.JUnitReportReporter -->
<testsuite hostname="DESKTOP-ERBTEJN" name="test.Test_execution" tests="2" failures="0" timestamp="12 Feb 2020 10:43:33 GMT" time="22.821" errors="0">
  <testcase name="tag" time="11.673" classname="test.Test_execution"/>
  <testcase name="tag" time="11.148" classname="test.Test_execution"/>
</testsuite> <!-- test.Test_execution -->
