<?xml version="1.0" encoding="UTF-8"?>
<!-- Generated by org.testng.reporters.JUnitReportReporter -->
<testsuite hostname="DESKTOP-ERBTEJN" name="test.Print" tests="1" failures="0" timestamp="18 Jan 2020 14:13:12 GMT" time="0.019" errors="0">
  <testcase name="prt" time="0.019" classname="test.Print"/>
</testsuite> <!-- test.Print -->
