<?xml version="1.0" encoding="UTF-8"?>
<!-- Generated by org.testng.reporters.JUnitReportReporter -->
<testsuite hostname="DESKTOP-ERBTEJN" name="test.Slider" tests="1" failures="0" timestamp="31 Jan 2020 03:48:37 GMT" time="16.512" errors="0">
  <testcase name="slide" time="16.512" classname="test.Slider"/>
</testsuite> <!-- test.Slider -->
