<?xml version="1.0" encoding="UTF-8"?>
<!-- Generated by org.testng.reporters.JUnitReportReporter -->
<testsuite hostname="DESKTOP-ERBTEJN" name="test.IE_test" tests="2" failures="0" timestamp="12 Feb 2020 10:35:30 GMT" time="24.140" errors="0">
  <testcase name="berowser" time="11.726" classname="test.IE_test"/>
  <testcase name="berowser" time="12.414" classname="test.IE_test"/>
</testsuite> <!-- test.IE_test -->
