<?xml version="1.0" encoding="UTF-8"?>
<!-- Generated by org.testng.reporters.JUnitReportReporter -->
<testsuite hostname="DESKTOP-ERBTEJN" name="test.Test_execution" tests="2" failures="0" timestamp="14 Feb 2020 07:08:34 GMT" time="27.163" errors="0">
  <testcase name="tag" time="13.670" classname="test.Test_execution"/>
  <testcase name="tag" time="13.493" classname="test.Test_execution"/>
</testsuite> <!-- test.Test_execution -->
